Arguments: 
  D:\nodejs\node.exe D:\yarn\bin\yarn.js install

PATH: 
  D:\myeclipseworkstation\vue-MoreMall\client\node_modules\.bin;C:\Program Files (x86)\Common Files\Oracle\Java\javapath;C:\app\Sheldon\product\11.1.0\db_1\bin;C:\Windows\system32;C:\Windows;C:\Windows\System32\Wbem;C:\Windows\System32\WindowsPowerShell\v1.0\;C:\Program Files (x86)\Java\jdk1.6.0_45\bin;C:\Program Files (x86)\Java\jdk1.6.0_45\jre\bin;D:\svn\bin;D:\MySQL\mysql-8.0.15-winx64\bin;D:\maven\apache-maven-3.2.5\bin\;D:\nodejs\;D:\yarn\bin\;D:\nodejs\node_global;D:\Git\cmd;C:\Users\Sheldon\AppData\Local\Programs\Python\Python37\Scripts\;C:\Users\Sheldon\AppData\Local\Programs\Python\Python37\;C:\Users\Sheldon\AppData\Local\Microsoft\WindowsApps;C:\Users\Sheldon\AppData\Roaming\npm;C:\Users\Sheldon\AppData\Local\Yarn\bin

Yarn version: 
  1.15.2

Node version: 
  10.15.3

Platform: 
  win32 x64

Trace: 
  Error: http://registry.npm.taobao.org/caniuse-db/download/caniuse-db-1.0.30000955.tgz: ESOCKETTIMEDOUT
      at ClientRequest.<anonymous> (D:\yarn\lib\cli.js:130168:19)
      at Object.onceWrapper (events.js:277:13)
      at ClientRequest.emit (events.js:189:13)
      at TLSSocket.emitRequestTimeout (_http_client.js:662:40)
      at Object.onceWrapper (events.js:277:13)
      at TLSSocket.emit (events.js:189:13)
      at TLSSocket.Socket._onTimeout (net.js:440:8)
      at ontimeout (timers.js:436:11)
      at tryOnTimeout (timers.js:300:5)
      at listOnTimeout (timers.js:263:5)

npm manifest: 
  {
    "name": "shopping-mall",
    "version": "1.0.0",
    "description": "A Vue.js project",
    "author": "cmh1996 <752380178@qq.com>",
    "private": true,
    "scripts": {
      "dev": "webpack-dev-server --inline --progress --config build/webpack.dev.conf.js",
      "start": "npm run dev",
      "build": "node build/build.js"
    },
    "dependencies": {
      "axios": "^0.17.1",
      "vue": "^2.5.2",
      "vue-router": "^3.0.1",
      "vuex": "^3.0.1"
    },
    "devDependencies": {
      "autoprefixer": "^7.1.2",
      "babel-core": "^6.22.1",
      "babel-loader": "^7.1.1",
      "babel-plugin-transform-runtime": "^6.22.0",
      "babel-polyfill": "^6.26.0",
      "babel-preset-env": "^1.3.2",
      "babel-preset-stage-2": "^6.22.0",
      "babel-register": "^6.22.0",
      "chalk": "^2.0.1",
      "copy-webpack-plugin": "^4.0.1",
      "css-loader": "^0.28.0",
      "eventsource-polyfill": "^0.9.6",
      "extract-text-webpack-plugin": "^3.0.0",
      "file-loader": "^1.1.4",
      "friendly-errors-webpack-plugin": "^1.6.1",
      "html-webpack-plugin": "^2.30.1",
      "less": "^2.7.3",
      "less-loader": "^4.0.5",
      "node-notifier": "^5.1.2",
      "optimize-css-assets-webpack-plugin": "^3.2.0",
      "ora": "^1.2.0",
      "portfinder": "^1.0.13",
      "postcss-import": "^11.0.0",
      "postcss-loader": "^2.0.8",
      "rimraf": "^2.6.0",
      "semver": "^5.3.0",
      "shelljs": "^0.7.6",
      "url-loader": "^0.5.8",
      "vue-loader": "^13.3.0",
      "vue-style-loader": "^3.0.1",
      "vue-template-compiler": "^2.5.2",
      "webpack": "^3.6.0",
      "webpack-bundle-analyzer": "^2.9.0",
      "webpack-dev-server": "^2.9.1",
      "webpack-merge": "^4.1.0"
    },
    "engines": {
      "node": ">= 4.0.0",
      "npm": ">= 3.0.0"
    },
    "browserslist": [
      "> 1%",
      "last 2 versions",
      "not ie <= 8"
    ]
  }

yarn manifest: 
  No manifest

Lockfile: 
  No lockfile
